<?xml version="1.0" encoding="UTF-8"?>
<testsuite xmlns:xsi="http://www.w3.org/2001/XMLSchema-instance" xsi:noNamespaceSchemaLocation="https://maven.apache.org/surefire/maven-surefire-plugin/xsd/surefire-test-report-3.0.xsd" version="3.0" name="jeandrevisagie.chat.MessageTest" time="0.066" tests="10" errors="0" skipped="0" failures="0">
  <properties>
[...]
</properties>
  <testcase name="testRecipientCellFailure" classname="jeandrevisagie.chat.MessageTest" time="0.019"/>
  <testcase name="testMessageIDCreated" classname="jeandrevisagie.chat.MessageTest" time="0.001"/>
  <testcase name="testSentMessageSend" classname="jeandrevisagie.chat.MessageTest" time="0.003">
    <system-out><![CDATA[
1) Send Message
2) Disregard Message
3) Store Message to send later
Enter your choice: ]]></system-out>
  </testcase>
  <testcase name="testMessageLengthSuccess" classname="jeandrevisagie.chat.MessageTest" time="0.0"/>
  <testcase name="testMessageHashLoop" classname="jeandrevisagie.chat.MessageTest" time="0.002"/>
  <testcase name="testMessageHashCorrect" classname="jeandrevisagie.chat.MessageTest" time="0.001"/>
  <testcase name="testMessageLengthFailure" classname="jeandrevisagie.chat.MessageTest" time="0.0"/>
  <testcase name="testRecipientCellSuccess" classname="jeandrevisagie.chat.MessageTest" time="0.0"/>
  <testcase name="testSentMessageStore" classname="jeandrevisagie.chat.MessageTest" time="0.024">
    <system-out><![CDATA[
1) Send Message
2) Disregard Message
3) Store Message to send later
Enter your choice: Message saved to storedMessages.json
]]></system-out>
  </testcase>
  <testcase name="testSentMessageDisregard" classname="jeandrevisagie.chat.MessageTest" time="0.002">
    <system-out><![CDATA[
1) Send Message
2) Disregard Message
3) Store Message to send later
Enter your choice: ]]></system-out>
  </testcase>
</testsuite>