<?xml version="1.0" encoding="UTF-8"?>
<testsuite xmlns:xsi="http://www.w3.org/2001/XMLSchema-instance" xsi:noNamespaceSchemaLocation="https://maven.apache.org/surefire/maven-surefire-plugin/xsd/surefire-test-report-3.0.xsd" version="3.0" name="jeandrevisagie.chat.registrationTest" time="0.034" tests="11" errors="0" skipped="0" failures="0">
  <properties>
[...]
</properties>
  <testcase name="testUsernameFormatting" classname="jeandrevisagie.chat.registrationTest" time="0.015"/>
  <testcase name="testPasswordDoesNotMeetComplexity" classname="jeandrevisagie.chat.registrationTest" time="0.001"/>
  <testcase name="testUsernameIncorrectlyFormatted" classname="jeandrevisagie.chat.registrationTest" time="0.001"/>
  <testcase name="testPhoneIncorrectlyFormatted" classname="jeandrevisagie.chat.registrationTest" time="0.0"/>
  <testcase name="testPasswordMeetsComplexity" classname="jeandrevisagie.chat.registrationTest" time="0.0"/>
  <testcase name="testPhoneFormatting" classname="jeandrevisagie.chat.registrationTest" time="0.0"/>
  <testcase name="testLoginFailed" classname="jeandrevisagie.chat.registrationTest" time="0.0"/>
  <testcase name="testPhoneCorrectlyFormatted" classname="jeandrevisagie.chat.registrationTest" time="0.0"/>
  <testcase name="testLoginSuccessful" classname="jeandrevisagie.chat.registrationTest" time="0.002"/>
  <testcase name="testPasswordComplexity" classname="jeandrevisagie.chat.registrationTest" time="0.0"/>
  <testcase name="testUsernameCorrectlyFormatted" classname="jeandrevisagie.chat.registrationTest" time="0.0"/>
</testsuite>